<?xml version="1.0" encoding="UTF-8"?>
<testsuite name="org.example.LibraryTest" tests="1" skipped="0" failures="0" errors="0" timestamp="2024-06-28T18:08:27" hostname="LAPTOP-ON91UTC7" time="0.009">
  <properties/>
  <testcase name="someLibraryMethodReturnsTrue" classname="org.example.LibraryTest" time="0.009"/>
  <system-out><![CDATA[]]></system-out>
  <system-err><![CDATA[]]></system-err>
</testsuite>
